<?xml version="1.0" encoding="UTF-8"?>
<testsuites name="TS-Devops-lab-tests" time="6.632" tests="1" failures="0" errors="0">
   <testsuite name="TS-Devops-lab-tests" tests="1" failures="0" errors="0" time="6.632" skipped="0" timestamp="05-04-2024T07:02:24" hostname="DESKTOP-3LCBT4O$ - DESKTOP-3LCBT4O" id="Test Suites/TS-Devops-lab-tests">
      <properties>
         <property name="deviceName" value=""/>
         <property name="devicePlatform" value=""/>
         <property name="logFolder" value="C:\\Users\\Nodroh\\Desktop\\Devopslab\\devopslab3\\devops lab\\Reports\\20240405_070208\\TS-Devops-lab-tests\\20240405_070211"/>
         <property name="logFiles" value="C:\\Users\\Nodroh\\Desktop\\Devopslab\\devopslab3\\devops lab\\Reports\\20240405_070208\\TS-Devops-lab-tests\\20240405_070211\\execution0.log"/>
         <property name="attachments" value=""/>
         <property name="hostName" value="DESKTOP-3LCBT4O$ - DESKTOP-3LCBT4O"/>
         <property name="os" value="Windows 10 64bit"/>
         <property name="katalonVersion" value="9.3.2.212"/>
         <property name="browser" value="Chrome 123.0.0.0"/>
         <property name="hostAddress" value="192.168.100.12"/>
         <property name="sessionId" value="a2af508c99f75a377adc455ae3aaab46"/>
         <property name="seleniumVersion" value="3.141.59"/>
         <property name="proxyInformation" value="ProxyInformation { proxyOption=NO_PROXY, proxyServerType=HTTP, username=, password=********, proxyServerAddress=, proxyServerPort=0, executionList=&quot;&quot;, isApplyToDesiredCapabilities=true }"/>
         <property name="platform" value="Windows 10"/>
      </properties>
      <testcase name="Test Cases/First test case" time="6.21" classname="Test Cases/First test case" status="PASSED">
         <system-out><![CDATA[05-04-2024T07:02:25 - [TEST_CASE][PASSED] - Test Cases/First test case: Test Cases/First test case

05-04-2024T07:02:25 - [TEST_STEP][PASSED] - openBrowser(""): Browser is opened with url: ''

05-04-2024T07:02:26 - [MESSAGE][INFO] - Starting 'Chrome' driver

05-04-2024T07:02:26 - [MESSAGE][INFO] - Action delay is set to 0 milliseconds

05-04-2024T07:02:30 - [MESSAGE][PASSED] - Browser is opened with url: ''

05-04-2024T07:02:30 - [TEST_STEP][PASSED] - navigateToUrl("http://localhost:8080/index.html"): Navigate to 'http://localhost:8080/index.html' successfully

05-04-2024T07:02:30 - [MESSAGE][PASSED] - Navigate to 'http://localhost:8080/index.html' successfully

05-04-2024T07:02:30 - [TEST_STEP][PASSED] - refresh(STOP_ON_FAILURE): Refresh successfully

05-04-2024T07:02:30 - [MESSAGE][PASSED] - Refresh successfully

05-04-2024T07:02:30 - [TEST_STEP][PASSED] - closeBrowser(): Browser is closed

05-04-2024T07:02:31 - [MESSAGE][PASSED] - Browser is closed]]></system-out>
         <system-err><![CDATA[]]></system-err>
      </testcase>
      <system-out><![CDATA[05-04-2024T07:02:24 - [TEST_SUITE][PASSED] - TS-Devops-lab-tests: Test Cases/First test case]]></system-out>
      <system-err><![CDATA[]]></system-err>
   </testsuite>
</testsuites>
